13:54:40.122 > Please Zero the Flow Valve by entering:
13:54:40.127 > 1 for More water
13:54:40.127 > 2 for Less water
13:54:40.127 > Press 9 to resume
13:54:40.131 > SetP:	50	CurP:	50	PID ER:	60.00	PID	1000	P:	900.00	I:	60.00	D:	221.62	W°:	-127.00	Out°:	25.62	M: 	0.00	ΔM: 	0.00	F:	164883	T°:	24.12	ST:,60.00	STCnt:,21	ChkP:,10000	
13:54:42.309 > SetP:	50	CurP:	50	PID ER:	35.88	PID	821	P:	538.13	I:	131.75	D:	151.73	W°:	-127.00	Out°:	25.62	M: 	0.00	ΔM: 	0.00	F:	164884	T°:	24.06	ST:,60.00	STCnt:,22	ChkP:,10000	
13:54:43.653 > SetP:	50	CurP:	50	PID ER:	35.94	PID	708	P:	539.06	I:	167.69	D:	1.39	W°:	-127.00	Out°:	25.62	M: 	0.01	ΔM: 	0.00	F:	164878	T°:	24.06	ST:,60.00	STCnt:,23	ChkP:,10000	
13:54:44.329 > SetP:	50	CurP:	50	PID ER:	35.94	PID	778	P:	539.06	I:	239.56	D:	0.00	W°:	-127.00	Out°:	25.69	M: 	0.00	ΔM: 	0.00	F:	164889	T°:	24.12	ST:,60.00	STCnt:,24	ChkP:,10000	
13:54:45.672 > SetP:	50	CurP:	50	PID ER:	35.88	PID	812	P:	538.13	I:	275.44	D:	-1.40	W°:	-127.00	Out°:	25.69	M: 	0.00	ΔM: 	0.00	F:	164885	T°:	24.12	ST:,60.00	STCnt:,25	ChkP:,10000	
13:54:46.349 > SetP:	50	CurP:	50	PID ER:	35.88	PID	838	P:	538.13	I:	300.00	D:	0.00	W°:	-127.00	Out°:	25.69	M: 	0.00	ΔM: 	0.00	F:	164887	T°:	24.19	ST:,60.00	STCnt:,26	ChkP:,10000	
13:54:47.691 > SetP:	50	CurP:	50	PID ER:	35.81	PID	835	P:	537.19	I:	300.00	D:	-1.39	W°:	-127.00	Out°:	25.69	M: 	0.00	ΔM: 	0.00	F:	164877	T°:	24.19	ST:,60.00	STCnt:,27	ChkP:,10000	
13:54:48.367 > SetP:	50	CurP:	50	PID ER:	36.00	PID	844	P:	540.00	I:	300.00	D:	4.18	W°:	-127.00	Out°:	25.69	M: 	0.00	ΔM: 	-0.00	F:	164874	T°:	24.12	ST:,60.00	STCnt:,28	ChkP:,10000	
13:54:49.710 > SetP:	50	CurP:	50	PID ER:	35.88	PID	833	P:	538.13	I:	300.00	D:	-4.19	W°:	-127.00	Out°:	25.69	M: 	0.00	ΔM: 	-0.00	F:	164889	T°:	24.06	ST:,60.00	STCnt:,29	ChkP:,10000	
13:54:50.386 > SetP:	50	CurP:	50	PID ER:	35.88	PID	836	P:	538.13	I:	300.00	D:	-1.86	W°:	-127.00	Out°:	25.69	M: 	0.00	ΔM: 	0.00	F:	164891	T°:	24.19	ST:,60.00	STCnt:,30	ChkP:,10000	
13:54:51.730 > SetP:	50	CurP:	50	PID ER:	35.81	PID	836	P:	537.19	I:	300.00	D:	-0.93	W°:	-127.00	Out°:	25.69	M: 	-0.00	ΔM: 	0.00	F:	164887	T°:	24.12	ST:,60.00	STCnt:,31	ChkP:,10000	
13:54:52.406 > SetP:	50	CurP:	50	PID ER:	35.81	PID	835	P:	537.19	I:	300.00	D:	-1.86	W°:	-127.00	Out°:	25.69	M: 	-0.01	ΔM: 	-0.00	F:	164879	T°:	24.12	ST:,60.00	STCnt:,32	ChkP:,10000	
13:54:53.749 > SetP:	50	CurP:	50	PID ER:	35.88	PID	839	P:	538.13	I:	300.00	D:	1.86	W°:	-127.00	Out°:	25.69	M: 	-0.01	ΔM: 	-0.00	F:	164888	T°:	24.06	ST:,60.00	STCnt:,33	ChkP:,10000	
13:54:54.425 > SetP:	50	CurP:	50	PID ER:	35.81	PID	833	P:	537.19	I:	300.00	D:	-3.25	W°:	-127.00	Out°:	25.69	M: 	-0.01	ΔM: 	-0.00	F:	164899	T°:	24.06	ST:,60.00	STCnt:,34	ChkP:,10000	
13:54:55.768 > SetP:	50	CurP:	50	PID ER:	35.94	PID	842	P:	539.06	I:	300.00	D:	3.72	W°:	-127.00	Out°:	25.69	M: 	-0.01	ΔM: 	-0.00	F:	164886	T°:	24.12	ST:,60.00	STCnt:,35	ChkP:,10000	
13:54:56.448 > SetP:	50	CurP:	50	PID ER:	35.88	PID	838	P:	538.13	I:	300.00	D:	0.46	W°:	-127.00	Out°:	25.69	M: 	-0.01	ΔM: 	-0.00	F:	164885	T°:	24.12	ST:,60.00	STCnt:,36	ChkP:,10000	
13:54:57.791 > SetP:	50	CurP:	50	PID ER:	35.88	PID	838	P:	538.13	I:	300.00	D:	0.00	W°:	-127.00	Out°:	25.69	M: 	-0.00	ΔM: 	-0.00	F:	164893	T°:	24.12	ST:,60.00	STCnt:,37	ChkP:,10000	
13:54:58.467 > SetP:	50	CurP:	50	PID ER:	35.88	PID	838	P:	538.13	I:	300.00	D:	0.00	W°:	-127.00	Out°:	25.69	M: 	-0.00	ΔM: 	0.00	F:	164889	T°:	24.12	ST:,60.00	STCnt:,38	ChkP:,10000	
13:54:59.811 > SetP:	50	CurP:	50	PID ER:	35.88	PID	838	P:	538.13	I:	300.00	D:	0.00	W°:	-127.00	Out°:	25.69	M: 	-0.01	ΔM: 	0.00	F:	164888	T°:	24.12	ST:,60.00	STCnt:,39	ChkP:,10000	
13:55:00.486 > SetP:	50	CurP:	50	PID ER:	35.94	PID	840	P:	539.06	I:	300.00	D:	1.39	W°:	-127.00	Out°:	25.69	M: 	-0.01	ΔM: 	0.00	F:	164900	T°:	24.19	ST:,60.00	STCnt:,40	ChkP:,10000	
13:55:01.830 > SetP:	50	CurP:	50	PID ER:	35.81	PID	833	P:	537.19	I:	300.00	D:	-3.25	W°:	-127.00	Out°:	25.62	M: 	-0.01	ΔM: 	0.00	F:	164899	T°:	24.12	ST:,60.00	STCnt:,41	ChkP:,10000	
13:55:02.506 > SetP:	50	CurP:	50	PID ER:	35.81	PID	835	P:	537.19	I:	300.00	D:	-1.86	W°:	-127.00	Out°:	25.69	M: 	-0.01	ΔM: 	-0.00	F:	164899	T°:	24.12	ST:,60.00	STCnt:,42	ChkP:,10000	
13:55:03.849 > SetP:	50	CurP:	50	PID ER:	35.88	PID	839	P:	538.13	I:	300.00	D:	1.86	W°:	-127.00	Out°:	25.69	M: 	-0.01	ΔM: 	-0.00	F:	164888	T°:	24.12	ST:,60.00	STCnt:,43	ChkP:,10000	
13:55:04.525 > SetP:	50	CurP:	50	PID ER:	35.88	PID	838	P:	538.13	I:	300.00	D:	0.00	W°:	-127.00	Out°:	25.69	M: 	-0.01	ΔM: 	-0.00	F:	164888	T°:	24.12	ST:,60.00	STCnt:,44	ChkP:,10000	
13:55:05.868 > SetP:	50	CurP:	50	PID ER:	35.88	PID	838	P:	538.13	I:	300.00	D:	0.00	W°:	-127.00	Out°:	25.69	M: 	-0.01	ΔM: 	-0.00	F:	164883	T°:	24.12	ST:,60.00	STCnt:,45	ChkP:,10000	
13:55:06.544 > SetP:	50	CurP:	50	PID ER:	36.00	PID	842	P:	540.00	I:	300.00	D:	2.79	W°:	-127.00	Out°:	25.69	M: 	-0.01	ΔM: 	-0.00	F:	164883	T°:	24.12	ST:,60.00	STCnt:,46	ChkP:,10000	
13:55:07.887 > SetP:	50	CurP:	50	PID ER:	35.88	PID	834	P:	538.13	I:	300.00	D:	-3.72	W°:	-127.00	Out°:	25.69	M: 	-0.01	ΔM: 	-0.00	F:	164880	T°:	24.12	ST:,60.00	STCnt:,47	ChkP:,10000	
13:55:08.563 > SetP:	50	CurP:	50	PID ER:	35.75	PID	833	P:	536.25	I:	300.00	D:	-2.79	W°:	-127.00	Out°:	25.69	M: 	-0.01	ΔM: 	-0.00	F:	164883	T°:	24.12	ST:,60.00	STCnt:,48	ChkP:,10000	
13:55:09.907 > SetP:	50	CurP:	50	PID ER:	35.88	PID	841	P:	538.13	I:	300.00	D:	3.72	W°:	-127.00	Out°:	25.69	M: 	-0.01	ΔM: 	0.00	F:	164889	T°:	24.19	ST:,60.00	STCnt:,49	ChkP:,10000	
13:55:10.582 > SetP:	50	CurP:	50	PID ER:	35.81	PID	834	P:	537.19	I:	300.00	D:	-2.31	W°:	-127.00	Out°:	25.69	M: 	-0.01	ΔM: 	0.00	F:	164880	T°:	24.06	ST:,60.00	STCnt:,50	ChkP:,10000	
13:55:11.262 > SetP:	50	CurP:	50	PID ER:	35.88	PID	835	P:	538.13	I:	300.00	D:	-2.32	W°:	-127.00	Out°:	25.69	M: 	0.00	ΔM: 	0.00	F:	164887	T°:	24.19	ST:,60.00	STCnt:,50	ChkP:,10000	
13:55:12.602 > SetP:	50	CurP:	50	PID ER:	35.81	PID	836	P:	537.19	I:	300.00	D:	-0.93	W°:	-127.00	Out°:	25.69	M: 	-0.00	ΔM: 	0.00	F:	164881	T°:	24.00	ST:,60.00	STCnt:,50	ChkP:,10000	
13:55:13.281 > SetP:	50	CurP:	50	PID ER:	35.94	PID	836	P:	539.06	I:	300.00	D:	-2.79	W°:	-127.00	Out°:	25.69	M: 	-0.01	ΔM: 	0.00	F:	164888	T°:	24.12	ST:,60.00	STCnt:,50	ChkP:,10000	
13:55:14.625 > SetP:	50	CurP:	50	PID ER:	35.88	PID	837	P:	538.13	I:	300.00	D:	-0.93	W°:	-127.00	Out°:	25.69	M: 	-0.01	ΔM: 	0.00	F:	164899	T°:	24.19	ST:,60.00	STCnt:,50	ChkP:,10000	
13:55:15.301 > SetP:	50	CurP:	50	PID ER:	35.88	PID	839	P:	538.13	I:	300.00	D:	1.86	W°:	-127.00	Out°:	25.69	M: 	-0.01	ΔM: 	-0.00	F:	164910	T°:	24.06	ST:,60.00	STCnt:,50	ChkP:,10000	
13:55:16.644 > SetP:	50	CurP:	50	PID ER:	35.94	PID	839	P:	539.06	I:	300.00	D:	0.93	W°:	-127.00	Out°:	25.69	M: 	-0.01	ΔM: 	-0.00	F:	164891	T°:	24.19	ST:,60.00	STCnt:,50	ChkP:,10000	
13:55:17.320 > SetP:	50	CurP:	50	PID ER:	35.81	PID	838	P:	537.19	I:	300.00	D:	0.93	W°:	-127.00	Out°:	25.62	M: 	0.35	ΔM: 	0.03	F:	164876	T°:	24.12	ST:,60.00	STCnt:,50	ChkP:,10000	
13:55:18.663 > SetP:	50	CurP:	50	PID ER:	35.88	PID	839	P:	538.13	I:	300.00	D:	1.39	W°:	-127.00	Out°:	25.69	M: 	0.95	ΔM: 	0.03	F:	164859	T°:	24.19	ST:,60.00	STCnt:,50	ChkP:,10000	
13:55:19.339 > SetP:	50	CurP:	50	PID ER:	35.81	PID	837	P:	537.19	I:	300.00	D:	0.46	W°:	-127.00	Out°:	25.75	M: 	0.96	ΔM: 	0.14	F:	164877	T°:	24.12	ST:,60.00	STCnt:,49	ChkP:,10000	
13:55:20.682 > SetP:	50	CurP:	50	PID ER:	35.88	PID	839	P:	538.13	I:	300.00	D:	1.39	W°:	-127.00	Out°:	25.69	M: 	0.96	ΔM: 	0.14	F:	164882	T°:	24.12	ST:,60.00	STCnt:,48	ChkP:,10000	
13:55:21.358 > SetP:	50	CurP:	50	PID ER:	35.88	PID	838	P:	538.13	I:	300.00	D:	0.00	W°:	-127.00	Out°:	25.62	M: 	0.96	ΔM: 	0.14	F:	164887	T°:	24.31	ST:,60.00	STCnt:,47	ChkP:,10000	
13:55:22.702 > SetP:	50	CurP:	50	PID ER:	35.69	PID	831	P:	535.31	I:	300.00	D:	-4.19	W°:	-127.00	Out°:	25.62	M: 	0.95	ΔM: 	0.14	F:	164888	T°:	24.12	ST:,60.00	STCnt:,46	ChkP:,10000	
13:55:23.378 > SetP:	50	CurP:	50	PID ER:	35.81	PID	834	P:	537.19	I:	300.00	D:	-2.79	W°:	-127.00	Out°:	25.69	M: 	0.96	ΔM: 	0.14	F:	164891	T°:	24.19	ST:,60.00	STCnt:,45	ChkP:,10000	
13:55:24.721 > SetP:	50	CurP:	50	PID ER:	35.81	PID	837	P:	537.19	I:	300.00	D:	0.46	W°:	-127.00	Out°:	25.69	M: 	0.96	ΔM: 	0.12	F:	164882	T°:	24.19	ST:,60.00	STCnt:,44	ChkP:,10000	
13:55:25.397 > SetP:	50	CurP:	50	PID ER:	35.81	PID	837	P:	537.19	I:	300.00	D:	0.00	W°:	-127.00	Out°:	25.69	M: 	0.97	ΔM: 	0.00	F:	164891	T°:	24.19	ST:,60.00	STCnt:,45	ChkP:,10000	
13:55:26.740 > SetP:	50	CurP:	50	PID ER:	35.81	PID	837	P:	537.19	I:	300.00	D:	0.00	W°:	-127.00	Out°:	25.69	M: 	0.98	ΔM: 	0.00	F:	164905	T°:	24.06	ST:,60.00	STCnt:,46	ChkP:,10000	
13:55:27.416 > SetP:	50	CurP:	50	PID ER:	35.94	PID	838	P:	539.06	I:	300.00	D:	-0.93	W°:	-127.00	Out°:	25.69	M: 	0.99	ΔM: 	0.00	F:	164889	T°:	24.12	ST:,60.00	STCnt:,47	ChkP:,10000	
13:55:28.759 > SetP:	50	CurP:	50	PID ER:	35.88	PID	836	P:	538.13	I:	300.00	D:	-1.40	W°:	-127.00	Out°:	25.62	M: 	1.00	ΔM: 	0.01	F:	164879	T°:	24.12	ST:,60.00	STCnt:,48	ChkP:,10000	
13:55:29.436 > SetP:	50	CurP:	50	PID ER:	35.88	PID	838	P:	538.13	I:	300.00	D:	0.00	W°:	-127.00	Out°:	25.69	M: 	1.00	ΔM: 	0.01	F:	164906	T°:	24.19	ST:,60.00	STCnt:,49	ChkP:,10000	
13:55:30.779 > SetP:	50	CurP:	50	PID ER:	35.81	PID	835	P:	537.19	I:	300.00	D:	-1.39	W°:	-127.00	Out°:	25.69	M: 	1.00	ΔM: 	0.01	F:	164928	T°:	24.12	ST:,60.00	STCnt:,50	ChkP:,10000	
13:55:31.454 > SetP:	50	CurP:	50	PID ER:	35.81	PID	835	P:	537.19	I:	300.00	D:	-1.86	W°:	-127.00	Out°:	25.69	M: 	1.01	ΔM: 	0.01	F:	164883	T°:	24.12	ST:,60.00	STCnt:,50	ChkP:,10000	
13:55:32.798 > SetP:	50	CurP:	50	PID ER:	35.88	PID	839	P:	538.13	I:	300.00	D:	1.86	W°:	-127.00	Out°:	25.62	M: 	1.01	ΔM: 	0.01	F:	164884	T°:	24.12	ST:,60.00	STCnt:,50	ChkP:,10000	
13:55:33.473 > SetP:	50	CurP:	50	PID ER:	35.81	PID	835	P:	537.19	I:	300.00	D:	-1.39	W°:	-127.00	Out°:	25.62	M: 	1.02	ΔM: 	0.01	F:	164883	T°:	24.19	ST:,60.00	STCnt:,50	ChkP:,10000	
13:55:34.817 > SetP:	50	CurP:	50	PID ER:	35.81	PID	837	P:	537.19	I:	300.00	D:	0.46	W°:	-127.00	Out°:	25.69	M: 	1.02	ΔM: 	0.01	F:	164890	T°:	24.19	ST:,60.00	STCnt:,50	ChkP:,10000	
13:55:35.493 > SetP:	50	CurP:	50	PID ER:	35.88	PID	839	P:	538.13	I:	300.00	D:	1.40	W°:	-127.00	Out°:	25.69	M: 	1.02	ΔM: 	0.00	F:	164880	T°:	24.25	ST:,60.00	STCnt:,50	ChkP:,10000	
13:55:36.836 > SetP:	50	CurP:	50	PID ER:	35.75	PID	832	P:	536.25	I:	300.00	D:	-3.26	W°:	-127.00	Out°:	25.62	M: 	1.02	ΔM: 	0.00	F:	164892	T°:	24.19	ST:,60.00	STCnt:,50	ChkP:,10000	
13:55:37.512 > SetP:	50	CurP:	50	PID ER:	35.81	PID	836	P:	537.19	I:	300.00	D:	-0.46	W°:	-127.00	Out°:	25.62	M: 	1.04	ΔM: 	0.00	F:	164889	T°:	24.12	ST:,60.00	STCnt:,50	ChkP:,10000	
13:55:38.856 > SetP:	50	CurP:	50	PID ER:	35.88	PID	839	P:	538.13	I:	300.00	D:	1.39	W°:	-127.00	Out°:	25.69	M: 	1.05	ΔM: 	0.00	F:	164879	T°:	24.06	ST:,60.00	STCnt:,50	ChkP:,10000	
13:55:39.550 > SetP:	50	CurP:	50	PID ER:	35.94	PID	839	P:	539.06	I:	300.00	D:	0.92	W°:	-127.00	Out°:	25.69	M: 	1.05	ΔM: 	0.01	F:	164900	T°:	24.25	ST:,60.00	STCnt:,50	ChkP:,10000	
13:55:40.207 > SetP:	50	CurP:	50	PID ER:	35.94	PID	844	P:	539.06	I:	300.00	D:	5.57	W°:	-127.00	Out°:	25.62	M: 	1.05	ΔM: 	0.01	F:	164914	T°:	24.12	ST:,60.00	STCnt:,50	ChkP:,10000	
13:55:41.550 > SetP:	50	CurP:	50	PID ER:	35.88	PID	835	P:	538.13	I:	300.00	D:	-2.79	W°:	-127.00	Out°:	25.62	M: 	1.05	ΔM: 	0.01	F:	164911	T°:	24.19	ST:,60.00	STCnt:,50	ChkP:,10000	
13:55:42.226 > SetP:	50	CurP:	50	PID ER:	35.94	PID	842	P:	539.06	I:	300.00	D:	3.26	W°:	-127.00	Out°:	25.62	M: 	1.05	ΔM: 	0.01	F:	164895	T°:	24.19	ST:,60.00	STCnt:,50	ChkP:,10000	
13:55:43.570 > SetP:	50	CurP:	50	PID ER:	35.81	PID	833	P:	537.19	I:	300.00	D:	-3.72	W°:	-127.00	Out°:	25.62	M: 	1.05	ΔM: 	0.01	F:	164892	T°:	24.19	ST:,60.00	STCnt:,50	ChkP:,10000	
13:55:44.249 > SetP:	50	CurP:	50	PID ER:	35.81	PID	837	P:	537.19	I:	300.00	D:	0.00	W°:	-127.00	Out°:	25.62	M: 	1.06	ΔM: 	0.00	F:	164892	T°:	24.19	ST:,60.00	STCnt:,50	ChkP:,10000	
13:55:45.593 > SetP:	50	CurP:	50	PID ER:	35.81	PID	837	P:	537.19	I:	300.00	D:	0.00	W°:	-127.00	Out°:	25.62	M: 	1.06	ΔM: 	0.00	F:	164892	T°:	24.12	ST:,60.00	STCnt:,50	ChkP:,10000	
13:55:46.269 > SetP:	50	CurP:	50	PID ER:	35.81	PID	835	P:	537.19	I:	300.00	D:	-1.86	W°:	-127.00	Out°:	25.69	M: 	1.08	ΔM: 	0.00	F:	164903	T°:	24.19	ST:,60.00	STCnt:,50	ChkP:,10000	
13:55:47.612 > SetP:	50	CurP:	50	PID ER:	35.81	PID	837	P:	537.19	I:	300.00	D:	0.46	W°:	-127.00	Out°:	25.62	M: 	1.09	ΔM: 	0.01	F:	164901	T°:	24.12	ST:,60.00	STCnt:,50	ChkP:,10000	
13:55:48.288 > SetP:	50	CurP:	50	PID ER:	35.69	PID	830	P:	535.31	I:	300.00	D:	-4.65	W°:	-127.00	Out°:	25.62	M: 	1.09	ΔM: 	0.01	F:	164900	T°:	24.12	ST:,60.00	STCnt:,50	ChkP:,10000	
13:55:49.631 > SetP:	50	CurP:	50	PID ER:	35.88	PID	843	P:	538.13	I:	300.00	D:	5.58	W°:	-127.00	Out°:	25.62	M: 	1.09	ΔM: 	0.01	F:	164894	T°:	24.25	ST:,60.00	STCnt:,50	ChkP:,10000	
13:55:50.307 > SetP:	50	CurP:	50	PID ER:	35.88	PID	841	P:	538.13	I:	300.00	D:	3.71	W°:	-127.00	Out°:	25.69	M: 	1.10	ΔM: 	0.01	F:	164880	T°:	24.25	ST:,60.00	STCnt:,50	ChkP:,10000	
13:55:51.651 > SetP:	50	CurP:	50	PID ER:	35.75	PID	832	P:	536.25	I:	300.00	D:	-3.72	W°:	-127.00	Out°:	25.69	M: 	1.11	ΔM: 	0.01	F:	164884	T°:	24.12	ST:,60.00	STCnt:,50	ChkP:,10000	
13:55:52.326 > SetP:	50	CurP:	50	PID ER:	35.81	PID	834	P:	537.19	I:	300.00	D:	-2.32	W°:	-127.00	Out°:	25.62	M: 	1.13	ΔM: 	0.01	F:	164888	T°:	24.12	ST:,60.00	STCnt:,50	ChkP:,10000	
13:55:53.670 > SetP:	50	CurP:	50	PID ER:	35.88	PID	839	P:	538.13	I:	300.00	D:	1.86	W°:	-127.00	Out°:	25.69	M: 	1.13	ΔM: 	0.01	F:	164881	T°:	24.06	ST:,60.00	STCnt:,50	ChkP:,10000	
13:55:54.345 > SetP:	50	CurP:	50	PID ER:	35.81	PID	833	P:	537.19	I:	300.00	D:	-3.25	W°:	-127.00	Out°:	25.62	M: 	1.14	ΔM: 	0.01	F:	164883	T°:	24.12	ST:,60.00	STCnt:,50	ChkP:,10000	
13:55:55.689 > SetP:	50	CurP:	50	PID ER:	35.88	PID	840	P:	538.13	I:	300.00	D:	2.32	W°:	-127.00	Out°:	25.62	M: 	1.14	ΔM: 	0.01	F:	164877	T°:	24.19	ST:,60.00	STCnt:,50	ChkP:,10000	
13:55:56.365 > SetP:	50	CurP:	50	PID ER:	35.81	PID	837	P:	537.19	I:	300.00	D:	0.46	W°:	-127.00	Out°:	25.62	M: 	1.15	ΔM: 	0.01	F:	164889	T°:	24.19	ST:,60.00	STCnt:,50	ChkP:,10000	
13:55:57.708 > SetP:	50	CurP:	50	PID ER:	35.81	PID	837	P:	537.19	I:	300.00	D:	0.00	W°:	-127.00	Out°:	25.62	M: 	1.15	ΔM: 	0.01	F:	164884	T°:	24.06	ST:,60.00	STCnt:,50	ChkP:,10000	
13:55:58.384 > SetP:	50	CurP:	50	PID ER:	35.88	PID	835	P:	538.13	I:	300.00	D:	-2.32	W°:	-127.00	Out°:	25.69	M: 	1.15	ΔM: 	0.01	F:	164894	T°:	24.12	ST:,60.00	STCnt:,50	ChkP:,10000	
13:55:59.727 > SetP:	50	CurP:	50	PID ER:	35.88	PID	838	P:	538.13	I:	300.00	D:	0.46	W°:	-127.00	Out°:	25.62	M: 	1.16	ΔM: 	0.00	F:	164883	T°:	24.12	ST:,60.00	STCnt:,50	ChkP:,10000	
13:56:00.403 > SetP:	50	CurP:	50	PID ER:	35.94	PID	840	P:	539.06	I:	300.00	D:	1.39	W°:	-127.00	Out°:	25.69	M: 	1.17	ΔM: 	0.01	F:	164894	T°:	24.19	ST:,60.00	STCnt:,50	ChkP:,10000	
13:56:01.747 > SetP:	50	CurP:	50	PID ER:	35.81	PID	833	P:	537.19	I:	300.00	D:	-3.25	W°:	-127.00	Out°:	25.69	M: 	1.17	ΔM: 	0.01	F:	164890	T°:	24.12	ST:,60.00	STCnt:,50	ChkP:,10000	
13:56:02.422 > SetP:	50	CurP:	50	PID ER:	35.81	PID	835	P:	537.19	I:	300.00	D:	-1.86	W°:	-127.00	Out°:	25.62	M: 	1.17	ΔM: 	0.00	F:	164886	T°:	24.12	ST:,60.00	STCnt:,50	ChkP:,10000	
13:56:03.766 > SetP:	50	CurP:	50	PID ER:	35.88	PID	839	P:	538.13	I:	300.00	D:	1.86	W°:	-127.00	Out°:	25.62	M: 	1.18	ΔM: 	0.00	F:	164886	T°:	24.12	ST:,60.00	STCnt:,50	ChkP:,10000	
13:56:04.442 > SetP:	50	CurP:	50	PID ER:	35.81	PID	835	P:	537.19	I:	300.00	D:	-1.39	W°:	-127.00	Out°:	25.69	M: 	1.18	ΔM: 	0.00	F:	164898	T°:	24.12	ST:,60.00	STCnt:,50	ChkP:,10000	
13:56:05.785 > SetP:	50	CurP:	50	PID ER:	35.88	PID	839	P:	538.13	I:	300.00	D:	1.86	W°:	-127.00	Out°:	25.62	M: 	1.18	ΔM: 	0.00	F:	164897	T°:	24.12	ST:,60.00	STCnt:,50	ChkP:,10000	
13:56:06.465 > SetP:	50	CurP:	50	PID ER:	35.88	PID	838	P:	538.13	I:	300.00	D:	0.00	W°:	-127.00	Out°:	25.62	M: 	1.18	ΔM: 	0.00	F:	164901	T°:	24.19	ST:,60.00	STCnt:,50	ChkP:,10000	
13:56:07.808 > SetP:	50	CurP:	50	PID ER:	35.81	PID	835	P:	537.19	I:	300.00	D:	-1.39	W°:	-127.00	Out°:	25.62	M: 	1.18	ΔM: 	0.00	F:	164896	T°:	24.25	ST:,60.00	STCnt:,50	ChkP:,10000	
13:56:08.484 > SetP:	50	CurP:	50	PID ER:	35.94	PID	843	P:	539.06	I:	300.00	D:	4.65	W°:	-127.00	Out°:	25.62	M: 	1.17	ΔM: 	0.00	F:	164896	T°:	24.12	ST:,60.00	STCnt:,50	ChkP:,10000	
13:56:09.828 > SetP:	50	CurP:	50	PID ER:	35.88	PID	835	P:	538.13	I:	300.00	D:	-2.79	W°:	-127.00	Out°:	25.62	M: 	1.17	ΔM: 	0.00	F:	164907	T°:	24.19	ST:,60.00	STCnt:,50	ChkP:,10000	
13:56:10.503 > SetP:	50	CurP:	50	PID ER:	35.81	PID	836	P:	537.19	I:	300.00	D:	-0.92	W°:	-127.00	Out°:	25.62	M: 	1.17	ΔM: 	-0.00	F:	164899	T°:	24.19	ST:,60.00	STCnt:,50	ChkP:,10000	
13:56:11.179 > SetP:	50	CurP:	50	PID ER:	35.81	PID	837	P:	537.19	I:	300.00	D:	0.00	W°:	-127.00	Out°:	25.62	M: 	1.17	ΔM: 	-0.00	F:	164901	T°:	24.25	ST:,60.00	STCnt:,50	ChkP:,10000	
13:56:12.522 > SetP:	50	CurP:	50	PID ER:	35.75	PID	834	P:	536.25	I:	300.00	D:	-1.40	W°:	-127.00	Out°:	25.62	M: 	1.18	ΔM: 	-0.00	F:	164892	T°:	24.19	ST:,60.00	STCnt:,50	ChkP:,10000	
13:56:13.198 > SetP:	50	CurP:	50	PID ER:	35.88	PID	839	P:	538.13	I:	300.00	D:	0.93	W°:	-127.00	Out°:	25.69	M: 	1.18	ΔM: 	-0.00	F:	164903	T°:	24.12	ST:,60.00	STCnt:,50	ChkP:,10000	
13:56:14.542 > SetP:	50	CurP:	50	PID ER:	35.88	PID	837	P:	538.13	I:	300.00	D:	-0.46	W°:	-127.00	Out°:	25.62	M: 	1.19	ΔM: 	0.00	F:	164888	T°:	24.19	ST:,60.00	STCnt:,50	ChkP:,10000	
13:56:15.218 > SetP:	50	CurP:	50	PID ER:	35.81	PID	837	P:	537.19	I:	300.00	D:	0.46	W°:	-127.00	Out°:	25.69	M: 	1.19	ΔM: 	0.00	F:	164894	T°:	24.19	ST:,60.00	STCnt:,50	ChkP:,10000	
13:56:16.561 > SetP:	50	CurP:	50	PID ER:	35.81	PID	837	P:	537.19	I:	300.00	D:	0.00	W°:	-127.00	Out°:	25.62	M: 	1.19	ΔM: 	0.00	F:	164896	T°:	24.06	ST:,60.00	STCnt:,50	ChkP:,10000	
13:56:17.237 > SetP:	50	CurP:	50	PID ER:	35.88	PID	835	P:	538.13	I:	300.00	D:	-2.32	W°:	-127.00	Out°:	25.62	M: 	1.19	ΔM: 	0.00	F:	164898	T°:	24.25	ST:,60.00	STCnt:,50	ChkP:,10000	
13:56:18.580 > SetP:	50	CurP:	50	PID ER:	35.75	PID	833	P:	536.25	I:	300.00	D:	-2.32	W°:	-127.00	Out°:	25.62	M: 	1.19	ΔM: 	0.00	F:	164891	T°:	24.06	ST:,60.00	STCnt:,50	ChkP:,10000	
13:56:19.256 > SetP:	50	CurP:	50	PID ER:	35.81	PID	833	P:	537.19	I:	300.00	D:	-4.18	W°:	-127.00	Out°:	25.69	M: 	1.19	ΔM: 	0.00	F:	164894	T°:	24.12	ST:,60.00	STCnt:,50	ChkP:,10000	
13:56:20.599 > SetP:	50	CurP:	50	PID ER:	35.88	PID	840	P:	538.13	I:	300.00	D:	2.33	W°:	-127.00	Out°:	25.62	M: 	1.19	ΔM: 	0.00	F:	164894	T°:	24.12	ST:,60.00	STCnt:,50	ChkP:,10000	
13:56:21.275 > SetP:	50	CurP:	50	PID ER:	35.88	PID	838	P:	538.13	I:	300.00	D:	0.00	W°:	-127.00	Out°:	25.62	M: 	1.19	ΔM: 	0.00	F:	164894	T°:	24.06	ST:,60.00	STCnt:,50	ChkP:,10000	
13:56:22.619 > SetP:	50	CurP:	50	PID ER:	35.94	PID	840	P:	539.06	I:	300.00	D:	1.39	W°:	-127.00	Out°:	25.62	M: 	1.20	ΔM: 	0.00	F:	164897	T°:	24.12	ST:,60.00	STCnt:,50	ChkP:,10000	
13:56:23.298 > SetP:	50	CurP:	50	PID ER:	35.88	PID	838	P:	538.13	I:	300.00	D:	0.46	W°:	-127.00	Out°:	25.62	M: 	1.19	ΔM: 	0.00	F:	164905	T°:	24.06	ST:,60.00	STCnt:,50	ChkP:,10000	
13:56:24.638 > SetP:	50	CurP:	50	PID ER:	35.94	PID	840	P:	539.06	I:	300.00	D:	1.39	W°:	-127.00	Out°:	25.62	M: 	1.19	ΔM: 	0.00	F:	164896	T°:	24.19	ST:,60.00	STCnt:,50	ChkP:,10000	
13:56:25.318 > SetP:	50	CurP:	50	PID ER:	35.88	PID	840	P:	538.13	I:	300.00	D:	2.32	W°:	-127.00	Out°:	25.62	M: 	1.20	ΔM: 	0.00	F:	164893	T°:	24.06	ST:,60.00	STCnt:,50	ChkP:,10000	
13:56:26.661 > SetP:	50	CurP:	50	PID ER:	35.94	PID	839	P:	539.06	I:	300.00	D:	0.93	W°:	-127.00	Out°:	25.62	M: 	1.20	ΔM: 	0.00	F:	164892	T°:	24.12	ST:,60.00	STCnt:,50	ChkP:,10000	
13:56:27.337 > SetP:	50	CurP:	50	PID ER:	35.88	PID	838	P:	538.13	I:	300.00	D:	0.46	W°:	-127.00	Out°:	25.62	M: 	1.20	ΔM: 	0.00	F:	164890	T°:	24.19	ST:,60.00	STCnt:,50	ChkP:,10000	
13:56:28.680 > SetP:	50	CurP:	50	PID ER:	35.81	PID	835	P:	537.19	I:	300.00	D:	-1.39	W°:	-127.00	Out°:	25.62	M: 	1.20	ΔM: 	0.00	F:	164894	T°:	24.25	ST:,60.00	STCnt:,50	ChkP:,10000	
13:56:29.356 > SetP:	50	CurP:	50	PID ER:	35.88	PID	841	P:	538.13	I:	300.00	D:	3.26	W°:	-127.00	Out°:	25.62	M: 	1.20	ΔM: 	0.00	F:	164891	T°:	24.12	ST:,60.00	STCnt:,50	ChkP:,10000	
13:56:30.699 > SetP:	50	CurP:	50	PID ER:	35.88	PID	837	P:	538.13	I:	300.00	D:	-0.93	W°:	-127.00	Out°:	25.62	M: 	1.20	ΔM: 	0.00	F:	164880	T°:	24.19	ST:,60.00	STCnt:,50	ChkP:,10000	
13:56:31.375 > SetP:	50	CurP:	50	PID ER:	35.81	PID	837	P:	537.19	I:	300.00	D:	0.46	W°:	-127.00	Out°:	25.69	M: 	1.21	ΔM: 	0.00	F:	164887	T°:	24.12	ST:,60.00	STCnt:,50	ChkP:,10000	
13:56:32.719 > SetP:	50	CurP:	50	PID ER:	35.88	PID	839	P:	538.13	I:	300.00	D:	1.40	W°:	-127.00	Out°:	25.62	M: 	1.21	ΔM: 	0.00	F:	164895	T°:	24.06	ST:,60.00	STCnt:,50	ChkP:,10000	
13:56:33.394 > SetP:	50	CurP:	50	PID ER:	35.88	PID	836	P:	538.13	I:	300.00	D:	-1.86	W°:	-127.00	Out°:	25.69	M: 	1.22	ΔM: 	0.00	F:	164889	T°:	24.19	ST:,60.00	STCnt:,50	ChkP:,10000	
13:56:34.738 > SetP:	50	CurP:	50	PID ER:	35.81	PID	836	P:	537.19	I:	300.00	D:	-0.93	W°:	-127.00	Out°:	25.62	M: 	1.22	ΔM: 	0.00	F:	164893	T°:	24.12	ST:,60.00	STCnt:,50	ChkP:,10000	
13:56:35.414 > SetP:	50	CurP:	50	PID ER:	35.81	PID	835	P:	537.19	I:	300.00	D:	-1.86	W°:	-127.00	Out°:	25.62	M: 	1.23	ΔM: 	0.00	F:	164893	T°:	24.12	ST:,60.00	STCnt:,50	ChkP:,10000	
13:56:36.757 > SetP:	50	CurP:	50	PID ER:	35.88	PID	839	P:	538.13	I:	300.00	D:	1.86	W°:	-127.00	Out°:	25.62	M: 	1.23	ΔM: 	0.00	F:	164895	T°:	24.12	ST:,60.00	STCnt:,50	ChkP:,10000	
13:56:37.433 > SetP:	50	CurP:	50	PID ER:	35.88	PID	838	P:	538.13	I:	300.00	D:	0.00	W°:	-127.00	Out°:	25.62	M: 	1.23	ΔM: 	0.00	F:	164897	T°:	24.06	ST:,60.00	STCnt:,50	ChkP:,10000	
13:56:38.776 > SetP:	50	CurP:	50	PID ER:	35.94	PID	840	P:	539.06	I:	300.00	D:	1.39	W°:	-127.00	Out°:	25.69	M: 	1.23	ΔM: 	0.00	F:	164895	T°:	24.19	ST:,60.00	STCnt:,50	ChkP:,10000	
13:56:39.452 > SetP:	50	CurP:	50	PID ER:	35.81	PID	838	P:	537.19	I:	300.00	D:	0.93	W°:	-127.00	Out°:	25.69	M: 	1.24	ΔM: 	0.00	F:	164883	T°:	24.12	ST:,60.00	STCnt:,50	ChkP:,10000	
13:56:40.795 > SetP:	50	CurP:	50	PID ER:	35.88	PID	839	P:	538.13	I:	300.00	D:	1.39	W°:	-127.00	Out°:	25.62	M: 	1.24	ΔM: 	0.00	F:	164893	T°:	24.12	ST:,60.00	STCnt:,50	ChkP:,10000	
13:56:41.471 > SetP:	50	CurP:	50	PID ER:	35.88	PID	837	P:	538.13	I:	300.00	D:	-0.46	W°:	-127.00	Out°:	25.69	M: 	1.24	ΔM: 	0.00	F:	164879	T°:	24.19	ST:,60.00	STCnt:,50	ChkP:,10000	
13:56:42.147 > SetP:	50	CurP:	50	PID ER:	35.81	PID	837	P:	537.19	I:	300.00	D:	0.46	W°:	-127.00	Out°:	25.69	M: 	1.25	ΔM: 	0.00	F:	164893	T°:	24.25	ST:,60.00	STCnt:,50	ChkP:,10000	
13:56:43.491 > SetP:	50	CurP:	50	PID ER:	35.75	PID	834	P:	536.25	I:	300.00	D:	-1.40	W°:	-127.00	Out°:	25.69	M: 	1.26	ΔM: 	0.00	F:	164879	T°:	24.12	ST:,60.00	STCnt:,50	ChkP:,10000	
13:56:44.166 > SetP:	50	CurP:	50	PID ER:	35.88	PID	837	P:	538.13	I:	300.00	D:	-0.93	W°:	-127.00	Out°:	25.62	M: 	1.26	ΔM: 	0.00	F:	164870	T°:	24.12	ST:,60.00	STCnt:,50	ChkP:,10000	
13:56:45.510 > SetP:	50	CurP:	50	PID ER:	35.88	PID	838	P:	538.13	I:	300.00	D:	0.00	W°:	-127.00	Out°:	25.69	M: 	0.91	ΔM: 	-0.02	F:	164867	T°:	24.12	ST:,60.00	STCnt:,50	ChkP:,10000	
13:56:46.189 > SetP:	50	CurP:	50	PID ER:	35.88	PID	838	P:	538.13	I:	300.00	D:	0.00	W°:	-127.00	Out°:	25.62	M: 	0.30	ΔM: 	-0.14	F:	164873	T°:	24.19	ST:,60.00	STCnt:,50	ChkP:,10000	
13:56:47.531 > SetP:	50	CurP:	50	PID ER:	35.81	PID	835	P:	537.19	I:	300.00	D:	-1.39	W°:	-127.00	Out°:	25.69	M: 	0.30	ΔM: 	-0.14	F:	164862	T°:	24.12	ST:,60.00	STCnt:,50	ChkP:,10000	
13:56:48.209 > SetP:	50	CurP:	50	PID ER:	35.88	PID	837	P:	538.13	I:	300.00	D:	-0.46	W°:	-127.00	Out°:	25.69	M: 	0.30	ΔM: 	-0.14	F:	164871	T°:	24.12	ST:,60.00	STCnt:,50	ChkP:,10000	
13:56:49.552 > SetP:	50	CurP:	50	PID ER:	35.88	PID	838	P:	538.13	I:	300.00	D:	0.00	W°:	-127.00	Out°:	25.69	M: 	0.31	ΔM: 	-0.14	F:	164866	T°:	24.25	ST:,60.00	STCnt:,50	ChkP:,10000	
13:56:50.228 > SetP:	50	CurP:	50	PID ER:	35.88	PID	841	P:	538.13	I:	300.00	D:	3.72	W°:	-127.00	Out°:	25.69	M: 	0.30	ΔM: 	-0.14	F:	164869	T°:	24.12	ST:,60.00	STCnt:,50	ChkP:,10000	
13:56:51.571 > SetP:	50	CurP:	50	PID ER:	35.88	PID	837	P:	538.13	I:	300.00	D:	-0.93	W°:	-127.00	Out°:	25.62	M: 	0.31	ΔM: 	-0.14	F:	164865	T°:	24.19	ST:,60.00	STCnt:,50	ChkP:,10000	
13:56:52.247 > SetP:	50	CurP:	50	PID ER:	35.88	PID	839	P:	538.13	I:	300.00	D:	1.86	W°:	-127.00	Out°:	25.62	M: 	0.31	ΔM: 	-0.12	F:	164864	T°:	24.19	ST:,60.00	STCnt:,50	ChkP:,10000	
13:56:53.591 > SetP:	50	CurP:	50	PID ER:	35.81	PID	835	P:	537.19	I:	300.00	D:	-1.86	W°:	-127.00	Out°:	25.62	M: 	0.31	ΔM: 	0.00	F:	164876	T°:	24.12	ST:,60.00	STCnt:,50	ChkP:,10000	
13:56:54.266 > SetP:	50	CurP:	50	PID ER:	35.94	PID	839	P:	539.06	I:	300.00	D:	0.93	W°:	-127.00	Out°:	25.62	M: 	0.30	ΔM: 	0.00	F:	164884	T°:	24.19	ST:,60.00	STCnt:,50	ChkP:,10000	
13:56:55.610 > SetP:	50	CurP:	50	PID ER:	35.81	PID	833	P:	537.19	I:	300.00	D:	-3.25	W°:	-127.00	Out°:	25.62	M: 	0.30	ΔM: 	0.00	F:	164873	T°:	24.19	ST:,60.00	STCnt:,50	ChkP:,10000	
13:56:56.286 > SetP:	50	CurP:	50	PID ER:	35.88	PID	839	P:	538.13	I:	300.00	D:	1.39	W°:	-127.00	Out°:	25.69	M: 	0.30	ΔM: 	-0.00	F:	164876	T°:	24.12	ST:,60.00	STCnt:,50	ChkP:,10000	
13:56:57.629 > SetP:	50	CurP:	50	PID ER:	35.88	PID	837	P:	538.13	I:	300.00	D:	-0.46	W°:	-127.00	Out°:	25.62	M: 	0.29	ΔM: 	-0.00	F:	164884	T°:	24.19	ST:,60.00	STCnt:,50	ChkP:,10000	
13:56:58.305 > SetP:	50	CurP:	50	PID ER:	35.88	PID	839	P:	538.13	I:	300.00	D:	1.86	W°:	-127.00	Out°:	25.62	M: 	0.30	ΔM: 	-0.00	F:	164880	T°:	24.12	ST:,60.00	STCnt:,50	ChkP:,10000	
13:56:59.648 > SetP:	50	CurP:	50	PID ER:	35.88	PID	837	P:	538.13	I:	300.00	D:	-0.47	W°:	-127.00	Out°:	25.62	M: 	0.30	ΔM: 	-0.00	F:	164880	T°:	24.12	ST:,60.00	STCnt:,50	ChkP:,10000	
13:57:00.325 > SetP:	50	CurP:	50	PID ER:	35.88	PID	838	P:	538.13	I:	300.00	D:	0.00	W°:	-127.00	Out°:	25.62	M: 	0.30	ΔM: 	-0.00	F:	164877	T°:	24.06	ST:,60.00	STCnt:,50	ChkP:,10000	
13:57:01.667 > SetP:	50	CurP:	50	PID ER:	35.94	PID	840	P:	539.06	I:	300.00	D:	1.39	W°:	-127.00	Out°:	25.62	M: 	0.30	ΔM: 	-0.00	F:	164884	T°:	24.19	ST:,60.00	STCnt:,50	ChkP:,10000	
13:57:02.343 > SetP:	50	CurP:	50	PID ER:	35.88	PID	840	P:	538.13	I:	300.00	D:	2.32	W°:	-127.00	Out°:	25.56	M: 	0.31	ΔM: 	0.00	F:	164895	T°:	24.19	ST:,60.00	STCnt:,50	ChkP:,10000	
13:57:03.687 > SetP:	50	CurP:	50	PID ER:	35.81	PID	835	P:	537.19	I:	300.00	D:	-1.86	W°:	-127.00	Out°:	25.56	M: 	0.31	ΔM: 	0.00	F:	164897	T°:	24.19	ST:,60.00	STCnt:,50	ChkP:,10000	
13:57:04.363 > SetP:	50	CurP:	50	PID ER:	35.94	PID	841	P:	539.06	I:	300.00	D:	2.79	W°:	-127.00	Out°:	25.62	M: 	0.31	ΔM: 	0.00	F:	164899	T°:	24.19	ST:,60.00	STCnt:,50	ChkP:,10000	
13:57:05.707 > SetP:	50	CurP:	50	PID ER:	35.81	PID	833	P:	537.19	I:	300.00	D:	-3.71	W°:	-127.00	Out°:	25.56	M: 	0.30	ΔM: 	0.00	F:	164910	T°:	24.12	ST:,60.00	STCnt:,50	ChkP:,10000	
13:57:06.382 > SetP:	50	CurP:	50	PID ER:	35.81	PID	835	P:	537.19	I:	300.00	D:	-1.86	W°:	-127.00	Out°:	25.62	M: 	0.30	ΔM: 	0.00	F:	164898	T°:	24.25	ST:,60.00	STCnt:,50	ChkP:,10000	
13:57:07.725 > SetP:	50	CurP:	50	PID ER:	35.75	PID	835	P:	536.25	I:	300.00	D:	-0.93	W°:	-127.00	Out°:	25.62	M: 	0.30	ΔM: 	0.00	F:	164900	T°:	24.12	ST:,60.00	STCnt:,50	ChkP:,10000	
13:57:08.405 > SetP:	50	CurP:	50	PID ER:	35.81	PID	834	P:	537.19	I:	300.00	D:	-2.32	W°:	-127.00	Out°:	25.56	M: 	0.30	ΔM: 	0.00	F:	164890	T°:	24.12	ST:,60.00	STCnt:,50	ChkP:,10000	
13:57:09.744 > SetP:	50	CurP:	50	PID ER:	35.88	PID	839	P:	538.13	I:	300.00	D:	1.86	W°:	-127.00	Out°:	25.62	M: 	0.30	ΔM: 	-0.00	F:	164903	T°:	24.06	ST:,60.00	STCnt:,50	ChkP:,10000	
13:57:10.424 > SetP:	50	CurP:	50	PID ER:	35.94	PID	839	P:	539.06	I:	300.00	D:	0.92	W°:	-127.00	Out°:	25.62	M: 	0.30	ΔM: 	-0.00	F:	164900	T°:	24.19	ST:,60.00	STCnt:,50	ChkP:,10000	
13:57:11.100 > SetP:	50	CurP:	50	PID ER:	35.94	PID	842	P:	539.06	I:	300.00	D:	3.71	W°:	-127.00	Out°:	25.56	M: 	0.31	ΔM: 	-0.00	F:	164906	T°:	24.19	ST:,60.00	STCnt:,50	ChkP:,10000	
13:57:12.444 > SetP:	50	CurP:	50	PID ER:	35.81	PID	833	P:	537.19	I:	300.00	D:	-3.71	W°:	-127.00	Out°:	25.62	M: 	0.30	ΔM: 	0.00	F:	164904	T°:	24.19	ST:,60.00	STCnt:,50	ChkP:,10000	
13:57:13.120 > SetP:	50	CurP:	50	PID ER:	35.81	PID	837	P:	537.19	I:	300.00	D:	0.00	W°:	-127.00	Out°:	25.56	M: 	0.30	ΔM: 	-0.00	F:	164901	T°:	24.19	ST:,60.00	STCnt:,50	ChkP:,10000	
13:57:14.462 > SetP:	50	CurP:	50	PID ER:	35.81	PID	837	P:	537.19	I:	300.00	D:	0.00	W°:	-127.00	Out°:	25.62	M: 	0.30	ΔM: 	-0.00	F:	164909	T°:	24.19	ST:,60.00	STCnt:,50	ChkP:,10000	
13:57:15.138 > SetP:	50	CurP:	50	PID ER:	35.81	PID	837	P:	537.19	I:	300.00	D:	0.00	W°:	-127.00	Out°:	25.62	M: 	0.30	ΔM: 	-0.00	F:	164898	T°:	24.12	ST:,60.00	STCnt:,50	ChkP:,10000	
13:57:16.482 > SetP:	50	CurP:	50	PID ER:	35.88	PID	839	P:	538.13	I:	300.00	D:	1.40	W°:	-127.00	Out°:	25.62	M: 	0.30	ΔM: 	-0.00	F:	164908	T°:	24.12	ST:,60.00	STCnt:,50	ChkP:,10000	
13:57:17.158 > SetP:	50	CurP:	50	PID ER:	35.75	PID	833	P:	536.25	I:	300.00	D:	-2.79	W°:	-127.00	Out°:	25.62	M: 	0.30	ΔM: 	0.00	F:	164902	T°:	24.12	ST:,60.00	STCnt:,50	ChkP:,10000	
13:57:18.501 > SetP:	50	CurP:	50	PID ER:	35.88	PID	841	P:	538.13	I:	300.00	D:	3.71	W°:	-127.00	Out°:	25.62	M: 	0.31	ΔM: 	0.00	F:	164908	T°:	24.19	ST:,60.00	STCnt:,50	ChkP:,10000	
13:57:19.177 > SetP:	50	CurP:	50	PID ER:	35.81	PID	837	P:	537.19	I:	300.00	D:	0.47	W°:	-127.00	Out°:	25.62	M: 	0.30	ΔM: 	0.00	F:	164891	T°:	24.12	ST:,60.00	STCnt:,50	ChkP:,10000	
13:57:20.520 > SetP:	50	CurP:	50	PID ER:	35.88	PID	839	P:	538.13	I:	300.00	D:	1.40	W°:	-127.00	Out°:	25.62	M: 	0.29	ΔM: 	-0.00	F:	164883	T°:	24.12	ST:,60.00	STCnt:,50	ChkP:,10000	
13:57:21.196 > SetP:	50	CurP:	50	PID ER:	35.81	PID	835	P:	537.19	I:	300.00	D:	-1.39	W°:	-127.00	Out°:	25.62	M: 	0.29	ΔM: 	-0.00	F:	164886	T°:	24.25	ST:,60.00	STCnt:,50	ChkP:,10000	
13:57:22.539 > SetP:	50	CurP:	50	PID ER:	35.75	PID	835	P:	536.25	I:	300.00	D:	-0.93	W°:	-127.00	Out°:	25.62	M: 	0.28	ΔM: 	-0.00	F:	164881	T°:	24.19	ST:,60.00	STCnt:,50	ChkP:,10000	
13:57:23.215 > SetP:	50	CurP:	50	PID ER:	35.75	PID	834	P:	536.25	I:	300.00	D:	-1.86	W°:	-127.00	Out°:	25.62	M: 	0.29	ΔM: 	-0.00	F:	164892	T°:	24.06	ST:,60.00	STCnt:,50	ChkP:,10000	
13:57:24.559 > SetP:	50	CurP:	50	PID ER:	35.94	PID	843	P:	539.06	I:	300.00	D:	4.64	W°:	-127.00	Out°:	25.62	M: 	0.28	ΔM: 	-0.00	F:	164911	T°:	24.12	ST:,60.00	STCnt:,50	ChkP:,10000	
13:57:25.235 > SetP:	50	CurP:	50	PID ER:	35.88	PID	838	P:	538.13	I:	300.00	D:	0.47	W°:	-127.00	Out°:	25.62	M: 	0.29	ΔM: 	-0.00	F:	164922	T°:	24.12	ST:,60.00	STCnt:,50	ChkP:,10000	
13:57:26.579 > SetP:	50	CurP:	50	PID ER:	35.88	PID	838	P:	538.13	I:	300.00	D:	0.00	W°:	-127.00	Out°:	25.62	M: 	0.28	ΔM: 	-0.00	F:	164878	T°:	24.06	ST:,60.00	STCnt:,50	ChkP:,10000	
13:57:27.254 > SetP:	50	CurP:	50	PID ER:	35.81	PID	833	P:	537.19	I:	300.00	D:	-3.25	W°:	-127.00	Out°:	25.62	M: 	0.28	ΔM: 	-0.00	F:	164906	T°:	24.19	ST:,60.00	STCnt:,50	ChkP:,10000	
13:57:28.598 > SetP:	50	CurP:	50	PID ER:	35.81	PID	838	P:	537.19	I:	300.00	D:	0.93	W°:	-127.00	Out°:	25.56	M: 	0.28	ΔM: 	-0.00	F:	164911	T°:	24.19	ST:,60.00	STCnt:,50	ChkP:,10000	
13:57:29.277 > SetP:	50	CurP:	50	PID ER:	35.88	PID	839	P:	538.13	I:	300.00	D:	1.39	W°:	-127.00	Out°:	25.56	M: 	0.27	ΔM: 	-0.00	F:	164911	T°:	24.12	ST:,60.00	STCnt:,50	ChkP:,10000	
13:57:30.616 > SetP:	50	CurP:	50	PID ER:	35.88	PID	837	P:	538.13	I:	300.00	D:	-0.46	W°:	-127.00	Out°:	25.56	M: 	0.27	ΔM: 	-0.00	F:	164896	T°:	24.12	ST:,60.00	STCnt:,50	ChkP:,10000	
13:57:31.296 > SetP:	50	CurP:	50	PID ER:	35.81	PID	835	P:	537.19	I:	300.00	D:	-1.39	W°:	-127.00	Out°:	25.56	M: 	0.27	ΔM: 	-0.00	F:	164888	T°:	24.06	ST:,60.00	STCnt:,50	ChkP:,10000	
13:57:32.640 > SetP:	50	CurP:	50	PID ER:	35.94	PID	842	P:	539.06	I:	300.00	D:	3.26	W°:	-127.00	Out°:	25.56	M: 	0.27	ΔM: 	-0.00	F:	164886	T°:	24.19	ST:,60.00	STCnt:,50	ChkP:,10000	
13:57:33.315 > SetP:	50	CurP:	50	PID ER:	35.88	PID	840	P:	538.13	I:	300.00	D:	2.32	W°:	-127.00	Out°:	25.56	M: 	0.27	ΔM: 	-0.00	F:	164896	T°:	24.12	ST:,60.00	STCnt:,50	ChkP:,10000	
13:57:34.659 > SetP:	50	CurP:	50	PID ER:	35.88	PID	837	P:	538.13	I:	300.00	D:	-0.46	W°:	-127.00	Out°:	25.62	M: 	0.27	ΔM: 	-0.00	F:	164896	T°:	24.12	ST:,60.00	STCnt:,50	ChkP:,10000	
13:57:35.335 > SetP:	50	CurP:	50	PID ER:	35.81	PID	835	P:	537.19	I:	300.00	D:	-1.39	W°:	-127.00	Out°:	25.56	M: 	0.28	ΔM: 	-0.00	F:	164887	T°:	24.25	ST:,60.00	STCnt:,50	ChkP:,10000	
13:57:36.678 > SetP:	50	CurP:	50	PID ER:	35.75	PID	835	P:	536.25	I:	300.00	D:	-0.93	W°:	-127.00	Out°:	25.62	M: 	0.28	ΔM: 	0.00	F:	164908	T°:	24.19	ST:,60.00	STCnt:,50	ChkP:,10000	
13:57:37.354 > SetP:	50	CurP:	50	PID ER:	35.81	PID	836	P:	537.19	I:	300.00	D:	-0.46	W°:	-127.00	Out°:	25.62	M: 	0.28	ΔM: 	0.00	F:	164906	T°:	24.19	ST:,60.00	STCnt:,50	ChkP:,10000	
13:57:38.697 > SetP:	50	CurP:	50	PID ER:	35.81	PID	837	P:	537.19	I:	300.00	D:	0.00	W°:	-127.00	Out°:	25.62	M: 	0.28	ΔM: 	0.00	F:	164896	T°:	24.12	ST:,60.00	STCnt:,50	ChkP:,10000	
13:57:39.373 > SetP:	50	CurP:	50	PID ER:	36.00	PID	842	P:	540.00	I:	300.00	D:	2.33	W°:	-127.00	Out°:	25.56	M: 	0.29	ΔM: 	0.00	F:	164882	T°:	24.25	ST:,60.00	STCnt:,50	ChkP:,10000	
13:57:40.716 > SetP:	50	CurP:	50	PID ER:	35.75	PID	829	P:	536.25	I:	300.00	D:	-6.51	W°:	-127.00	Out°:	25.62	M: 	0.29	ΔM: 	0.00	F:	164882	T°:	24.19	ST:,60.00	STCnt:,50	ChkP:,10000	
13:57:41.392 > SetP:	50	CurP:	50	PID ER:	35.81	PID	840	P:	537.19	I:	300.00	D:	3.23	W°:	-127.00	Out°:	25.56	M: 	0.29	ΔM: 	0.00	F:	164910	T°:	24.19	ST:,60.00	STCnt:,50	ChkP:,10000	
13:57:42.068 > SetP:	50	CurP:	50	PID ER:	35.81	PID	837	P:	537.19	I:	300.00	D:	0.00	W°:	-127.00	Out°:	25.62	M: 	0.29	ΔM: 	0.00	F:	164904	T°:	24.06	ST:,60.00	STCnt:,50	ChkP:,10000	
13:57:43.412 > SetP:	50	CurP:	50	PID ER:	35.94	PID	841	P:	539.06	I:	300.00	D:	2.79	W°:	-127.00	Out°:	25.56	M: 	0.29	ΔM: 	0.00	F:	164923	T°:	24.12	ST:,60.00	STCnt:,50	ChkP:,10000	
13:57:44.087 > SetP:	50	CurP:	50	PID ER:	35.81	PID	836	P:	537.19	I:	300.00	D:	-0.93	W°:	-127.00	Out°:	25.56	M: 	0.29	ΔM: 	0.00	F:	164924	T°:	24.19	ST:,60.00	STCnt:,50	ChkP:,10000	
13:57:45.431 > SetP:	50	CurP:	50	PID ER:	35.81	PID	837	P:	537.19	I:	300.00	D:	0.46	W°:	-127.00	Out°:	25.56	M: 	0.29	ΔM: 	0.00	F:	164895	T°:	24.06	ST:,60.00	STCnt:,50	ChkP:,10000	
13:57:46.106 > SetP:	50	CurP:	50	PID ER:	35.81	PID	833	P:	537.19	I:	300.00	D:	-3.72	W°:	-127.00	Out°:	25.56	M: 	0.29	ΔM: 	0.00	F:	164886	T°:	24.12	ST:,60.00	STCnt:,50	ChkP:,10000	
13:57:47.450 > SetP:	50	CurP:	50	PID ER:	35.88	PID	840	P:	538.13	I:	300.00	D:	2.33	W°:	-127.00	Out°:	25.56	M: 	0.29	ΔM: 	0.00	F:	164885	T°:	24.12	ST:,60.00	STCnt:,50	ChkP:,10000	
13:57:48.126 > SetP:	50	CurP:	50	PID ER:	35.81	PID	835	P:	537.19	I:	300.00	D:	-1.39	W°:	-127.00	Out°:	25.56	M: 	0.29	ΔM: 	0.00	F:	164880	T°:	24.19	ST:,60.00	STCnt:,50	ChkP:,10000	
13:57:49.469 > SetP:	50	CurP:	50	PID ER:	35.81	PID	837	P:	537.19	I:	300.00	D:	0.46	W°:	-127.00	Out°:	25.56	M: 	0.29	ΔM: 	0.00	F:	164883	T°:	24.19	ST:,60.00	STCnt:,50	ChkP:,10000	
13:57:50.145 > SetP:	50	CurP:	50	PID ER:	35.81	PID	837	P:	537.19	I:	300.00	D:	0.00	W°:	-127.00	Out°:	25.56	M: 	0.28	ΔM: 	0.00	F:	164909	T°:	24.12	ST:,60.00	STCnt:,50	ChkP:,10000	
13:57:51.488 > SetP:	50	CurP:	50	PID ER:	35.88	PID	839	P:	538.13	I:	300.00	D:	1.39	W°:	-127.00	Out°:	25.56	M: 	0.29	ΔM: 	-0.00	F:	164883	T°:	24.12	ST:,60.00	STCnt:,50	ChkP:,10000	
13:57:52.164 > SetP:	50	CurP:	50	PID ER:	35.75	PID	833	P:	536.25	I:	300.00	D:	-2.79	W°:	-127.00	Out°:	25.56	M: 	0.28	ΔM: 	-0.00	F:	164884	T°:	24.19	ST:,60.00	STCnt:,50	ChkP:,10000	
13:57:53.508 > SetP:	50	CurP:	50	PID ER:	35.81	PID	839	P:	537.19	I:	300.00	D:	2.32	W°:	-127.00	Out°:	25.56	M: 	0.28	ΔM: 	-0.00	F:	164889	T°:	24.12	ST:,60.00	STCnt:,50	ChkP:,10000	
13:57:54.187 > SetP:	50	CurP:	50	PID ER:	35.75	PID	832	P:	536.25	I:	300.00	D:	-3.25	W°:	-127.00	Out°:	25.56	M: 	0.28	ΔM: 	-0.00	F:	164888	T°:	24.12	ST:,60.00	STCnt:,50	ChkP:,10000	
13:57:55.531 > SetP:	50	CurP:	50	PID ER:	35.88	PID	841	P:	538.13	I:	300.00	D:	3.72	W°:	-127.00	Out°:	25.56	M: 	0.29	ΔM: 	-0.00	F:	164879	T°:	24.19	ST:,60.00	STCnt:,50	ChkP:,10000	
13:57:56.206 > SetP:	50	CurP:	50	PID ER:	35.81	PID	837	P:	537.19	I:	300.00	D:	0.46	W°:	-127.00	Out°:	25.56	M: 	0.29	ΔM: 	-0.00	F:	164903	T°:	24.19	ST:,60.00	STCnt:,50	ChkP:,10000	
13:57:57.550 > SetP:	50	CurP:	50	PID ER:	35.81	PID	837	P:	537.19	I:	300.00	D:	0.00	W°:	-127.00	Out°:	25.50	M: 	0.29	ΔM: 	-0.00	F:	164890	T°:	24.19	ST:,60.00	STCnt:,50	ChkP:,10000	
13:57:58.226 > SetP:	50	CurP:	50	PID ER:	35.81	PID	837	P:	537.19	I:	300.00	D:	0.00	W°:	-127.00	Out°:	25.56	M: 	0.29	ΔM: 	0.00	F:	164888	T°:	24.06	ST:,60.00	STCnt:,50	ChkP:,10000	
13:57:59.569 > SetP:	50	CurP:	50	PID ER:	35.94	PID	841	P:	539.06	I:	300.00	D:	2.79	W°:	-127.00	Out°:	25.56	M: 	0.29	ΔM: 	0.00	F:	164881	T°:	24.12	ST:,60.00	STCnt:,50	ChkP:,10000	
13:58:00.245 > SetP:	50	CurP:	50	PID ER:	35.88	PID	838	P:	538.13	I:	300.00	D:	0.46	W°:	-127.00	Out°:	25.56	M: 	0.29	ΔM: 	0.00	F:	164883	T°:	24.12	ST:,60.00	STCnt:,50	ChkP:,10000	
13:58:01.588 > SetP:	50	CurP:	50	PID ER:	35.88	PID	838	P:	538.13	I:	300.00	D:	0.00	W°:	-127.00	Out°:	25.56	M: 	0.29	ΔM: 	0.00	F:	164885	T°:	24.19	ST:,60.00	STCnt:,50	ChkP:,10000	
13:58:02.264 > SetP:	50	CurP:	50	PID ER:	35.81	PID	837	P:	537.19	I:	300.00	D:	0.46	W°:	-127.00	Out°:	25.56	M: 	0.29	ΔM: 	0.00	F:	164890	T°:	24.19	ST:,60.00	STCnt:,50	ChkP:,10000	
13:58:03.608 > SetP:	50	CurP:	50	PID ER:	35.81	PID	837	P:	537.19	I:	300.00	D:	0.00	W°:	-127.00	Out°:	25.56	M: 	0.30	ΔM: 	0.00	F:	164880	T°:	24.12	ST:,60.00	STCnt:,50	ChkP:,10000	
13:58:04.283 > SetP:	50	CurP:	50	PID ER:	35.75	PID	832	P:	536.25	I:	300.00	D:	-3.25	W°:	-127.00	Out°:	25.56	M: 	0.30	ΔM: 	0.00	F:	164881	T°:	24.31	ST:,60.00	STCnt:,50	ChkP:,10000	
13:58:05.627 > SetP:	50	CurP:	50	PID ER:	35.69	PID	834	P:	535.31	I:	300.00	D:	-0.46	W°:	-127.00	Out°:	25.56	M: 	0.30	ΔM: 	0.00	F:	164886	T°:	24.12	ST:,60.00	STCnt:,50	ChkP:,10000	
13:58:06.302 > SetP:	50	CurP:	50	PID ER:	35.88	PID	836	P:	538.13	I:	300.00	D:	-1.39	W°:	-127.00	Out°:	25.56	M: 	0.30	ΔM: 	0.00	F:	164883	T°:	24.12	ST:,60.00	STCnt:,50	ChkP:,10000	
13:58:07.646 > SetP:	50	CurP:	50	PID ER:	35.88	PID	838	P:	538.13	I:	300.00	D:	0.00	W°:	-127.00	Out°:	25.56	M: 	0.29	ΔM: 	0.00	F:	164886	T°:	24.25	ST:,60.00	STCnt:,50	ChkP:,10000	
13:58:08.322 > SetP:	50	CurP:	50	PID ER:	35.88	PID	841	P:	538.13	I:	300.00	D:	3.71	W°:	-127.00	Out°:	25.56	M: 	0.29	ΔM: 	0.00	F:	164877	T°:	24.19	ST:,60.00	STCnt:,50	ChkP:,10000	
13:58:09.665 > SetP:	50	CurP:	50	PID ER:	35.81	PID	834	P:	537.19	I:	300.00	D:	-2.33	W°:	-127.00	Out°:	25.56	M: 	0.29	ΔM: 	0.00	F:	164883	T°:	24.19	ST:,60.00	STCnt:,50	ChkP:,10000	
13:58:10.341 > SetP:	50	CurP:	50	PID ER:	35.81	PID	837	P:	537.19	I:	300.00	D:	0.46	W°:	-127.00	Out°:	25.62	M: 	0.29	ΔM: 	-0.00	F:	164877	T°:	24.12	ST:,60.00	STCnt:,50	ChkP:,10000	
13:58:11.018 > SetP:	50	CurP:	50	PID ER:	35.88	PID	837	P:	538.13	I:	300.00	D:	-0.46	W°:	-127.00	Out°:	25.62	M: 	0.28	ΔM: 	-0.00	F:	164873	T°:	24.19	ST:,60.00	STCnt:,50	ChkP:,10000	
13:58:12.360 > SetP:	50	CurP:	50	PID ER:	35.81	PID	835	P:	537.19	I:	300.00	D:	-1.39	W°:	-127.00	Out°:	25.56	M: 	0.28	ΔM: 	-0.00	F:	164864	T°:	24.19	ST:,60.00	STCnt:,50	ChkP:,10000	
13:58:13.036 > SetP:	50	CurP:	50	PID ER:	35.88	PID	839	P:	538.13	I:	300.00	D:	1.40	W°:	-127.00	Out°:	25.56	M: 	0.28	ΔM: 	-0.00	F:	164865	T°:	24.19	ST:,60.00	STCnt:,50	ChkP:,10000	
13:58:14.379 > SetP:	50	CurP:	50	PID ER:	35.81	PID	835	P:	537.19	I:	300.00	D:	-1.86	W°:	-127.00	Out°:	25.56	M: 	0.28	ΔM: 	-0.00	F:	164866	T°:	24.19	ST:,60.00	STCnt:,50	ChkP:,10000	
13:58:15.059 > SetP:	50	CurP:	50	PID ER:	35.88	PID	839	P:	538.13	I:	300.00	D:	1.39	W°:	-127.00	Out°:	25.62	M: 	0.27	ΔM: 	-0.00	F:	164870	T°:	24.19	ST:,60.00	STCnt:,50	ChkP:,10000	
13:58:16.403 > SetP:	50	CurP:	50	PID ER:	35.81	PID	835	P:	537.19	I:	300.00	D:	-1.86	W°:	-127.00	Out°:	25.56	M: 	0.28	ΔM: 	-0.00	F:	164867	T°:	24.25	ST:,60.00	STCnt:,50	ChkP:,10000	
13:58:17.136 > SetP:	50	CurP:	50	PID ER:	35.81	PID	839	P:	537.19	I:	300.00	D:	1.86	W°:	-127.00	Out°:	25.56	M: 	0.28	ΔM: 	-0.00	F:	164870	T°:	24.19	ST:,60.00	STCnt:,50	ChkP:,10000	
13:58:18.423 > SetP:	50	CurP:	50	PID ER:	35.81	PID	836	P:	537.19	I:	300.00	D:	-0.46	W°:	-127.00	Out°:	25.56	M: 	0.28	ΔM: 	-0.00	F:	164858	T°:	24.19	ST:,60.00	STCnt:,50	ChkP:,10000	
13:58:19.098 > SetP:	50	CurP:	50	PID ER:	35.81	PID	837	P:	537.19	I:	300.00	D:	0.00	W°:	-127.00	Out°:	25.56	M: 	0.28	ΔM: 	0.00	F:	164862	T°:	24.25	ST:,60.00	STCnt:,50	ChkP:,10000	
13:58:20.441 > SetP:	50	CurP:	50	PID ER:	35.75	PID	834	P:	536.25	I:	300.00	D:	-1.39	W°:	-127.00	Out°:	25.56	M: 	0.28	ΔM: 	0.00	F:	164870	T°:	24.19	ST:,60.00	STCnt:,50	ChkP:,10000	
13:58:21.117 > SetP:	50	CurP:	50	PID ER:	35.81	PID	836	P:	537.19	I:	300.00	D:	-0.46	W°:	-127.00	Out°:	25.56	M: 	0.28	ΔM: 	-0.00	F:	164867	T°:	24.19	ST:,60.00	STCnt:,50	ChkP:,10000	
13:58:22.460 > SetP:	50	CurP:	50	PID ER:	35.81	PID	837	P:	537.19	I:	300.00	D:	0.00	W°:	-127.00	Out°:	25.62	M: 	0.28	ΔM: 	0.00	F:	164877	T°:	24.19	ST:,60.00	STCnt:,50	ChkP:,10000	
13:58:23.136 > SetP:	50	CurP:	50	PID ER:	35.81	PID	837	P:	537.19	I:	300.00	D:	0.00	W°:	-127.00	Out°:	25.62	M: 	0.27	ΔM: 	-0.00	F:	164871	T°:	24.19	ST:,60.00	STCnt:,50	ChkP:,10000	
13:58:24.480 > SetP:	50	CurP:	50	PID ER:	35.81	PID	837	P:	537.19	I:	300.00	D:	0.00	W°:	-127.00	Out°:	25.56	M: 	0.27	ΔM: 	-0.00	F:	164883	T°:	24.12	ST:,60.00	STCnt:,50	ChkP:,10000	
13:58:25.155 > SetP:	50	CurP:	50	PID ER:	35.81	PID	835	P:	537.19	I:	300.00	D:	-1.86	W°:	-127.00	Out°:	25.56	M: 	0.27	ΔM: 	-0.00	F:	164870	T°:	24.31	ST:,60.00	STCnt:,50	ChkP:,10000	
13:58:26.500 > SetP:	50	CurP:	50	PID ER:	35.69	PID	832	P:	535.31	I:	300.00	D:	-2.32	W°:	-127.00	Out°:	25.56	M: 	0.27	ΔM: 	-0.00	F:	164866	T°:	24.19	ST:,60.00	STCnt:,50	ChkP:,10000	
13:58:27.174 > SetP:	50	CurP:	50	PID ER:	35.94	PID	840	P:	539.06	I:	300.00	D:	1.86	W°:	-127.00	Out°:	25.56	M: 	0.26	ΔM: 	-0.00	F:	164878	T°:	24.19	ST:,60.00	STCnt:,50	ChkP:,10000	
13:58:28.518 > SetP:	50	CurP:	50	PID ER:	35.81	PID	833	P:	537.19	I:	300.00	D:	-3.71	W°:	-127.00	Out°:	25.56	M: 	0.26	ΔM: 	-0.00	F:	164867	T°:	24.12	ST:,60.00	STCnt:,50	ChkP:,10000	
13:58:29.194 > SetP:	50	CurP:	50	PID ER:	35.88	PID	837	P:	538.13	I:	300.00	D:	-0.47	W°:	-127.00	Out°:	25.56	M: 	0.26	ΔM: 	-0.00	F:	164864	T°:	24.12	ST:,60.00	STCnt:,50	ChkP:,10000	
13:58:30.537 > SetP:	50	CurP:	50	PID ER:	35.88	PID	838	P:	538.13	I:	300.00	D:	0.00	W°:	-127.00	Out°:	25.56	M: 	0.25	ΔM: 	-0.00	F:	164868	T°:	24.19	ST:,60.00	STCnt:,50	ChkP:,10000	
13:58:31.213 > SetP:	50	CurP:	50	PID ER:	35.69	PID	832	P:	535.31	I:	300.00	D:	-2.32	W°:	-127.00	Out°:	25.56	M: 	0.26	ΔM: 	-0.00	F:	164877	T°:	24.19	ST:,60.00	STCnt:,50	ChkP:,10000	
13:58:32.557 > SetP:	50	CurP:	50	PID ER:	35.81	PID	840	P:	537.19	I:	300.00	D:	3.72	W°:	-127.00	Out°:	25.56	M: 	0.26	ΔM: 	-0.00	F:	164878	T°:	24.19	ST:,60.00	STCnt:,50	ChkP:,10000	
13:58:33.236 > SetP:	50	CurP:	50	PID ER:	35.81	PID	837	P:	537.19	I:	300.00	D:	0.00	W°:	-127.00	Out°:	25.56	M: 	0.27	ΔM: 	-0.00	F:	164881	T°:	24.12	ST:,60.00	STCnt:,50	ChkP:,10000	
13:58:34.576 > SetP:	50	CurP:	50	PID ER:	35.88	PID	839	P:	538.13	I:	300.00	D:	1.39	W°:	-127.00	Out°:	25.56	M: 	0.27	ΔM: 	0.00	F:	164885	T°:	24.06	ST:,60.00	STCnt:,50	ChkP:,10000	
13:58:35.255 > SetP:	50	CurP:	50	PID ER:	35.88	PID	836	P:	538.13	I:	300.00	D:	-1.86	W°:	-127.00	Out°:	25.56	M: 	0.27	ΔM: 	0.00	F:	164888	T°:	24.19	ST:,60.00	STCnt:,50	ChkP:,10000	
13:58:36.599 > SetP:	50	CurP:	50	PID ER:	35.81	PID	836	P:	537.19	I:	300.00	D:	-0.93	W°:	-127.00	Out°:	25.62	M: 	0.27	ΔM: 	0.00	F:	164880	T°:	24.19	ST:,60.00	STCnt:,50	ChkP:,10000	
13:58:37.275 > SetP:	50	CurP:	50	PID ER:	35.88	PID	839	P:	538.13	I:	300.00	D:	1.39	W°:	-127.00	Out°:	25.56	M: 	0.26	ΔM: 	0.00	F:	164878	T°:	24.06	ST:,60.00	STCnt:,50	ChkP:,10000	
13:58:38.618 > SetP:	50	CurP:	50	PID ER:	35.94	PID	839	P:	539.06	I:	300.00	D:	0.93	W°:	-127.00	Out°:	25.56	M: 	0.26	ΔM: 	0.00	F:	164867	T°:	24.19	ST:,60.00	STCnt:,50	ChkP:,10000	
13:58:39.294 > SetP:	50	CurP:	50	PID ER:	35.75	PID	835	P:	536.25	I:	300.00	D:	-0.46	W°:	-127.00	Out°:	25.56	M: 	0.26	ΔM: 	-0.00	F:	164868	T°:	24.19	ST:,60.00	STCnt:,50	ChkP:,10000	
13:58:40.637 > SetP:	50	CurP:	50	PID ER:	35.81	PID	839	P:	537.19	I:	300.00	D:	1.86	W°:	-127.00	Out°:	25.56	M: 	0.26	ΔM: 	-0.00	F:	164875	T°:	24.19	ST:,60.00	STCnt:,50	ChkP:,10000	
13:58:41.313 > SetP:	50	CurP:	50	PID ER:	35.81	PID	836	P:	537.19	I:	300.00	D:	-0.46	W°:	-127.00	Out°:	25.56	M: 	0.26	ΔM: 	-0.00	F:	164869	T°:	24.19	ST:,60.00	STCnt:,50	ChkP:,10000	
13:58:41.989 > SetP:	50	CurP:	50	PID ER:	35.88	PID	839	P:	538.13	I:	300.00	D:	1.39	W°:	-127.00	Out°:	25.56	M: 	0.26	ΔM: 	-0.00	F:	164873	T°:	24.19	ST:,60.00	STCnt:,50	ChkP:,10000	
13:58:43.332 > SetP:	50	CurP:	50	PID ER:	35.81	PID	835	P:	537.19	I:	300.00	D:	-1.86	W°:	-127.00	Out°:	25.56	M: 	0.26	ΔM: 	-0.00	F:	164872	T°:	24.25	ST:,60.00	STCnt:,50	ChkP:,10000	
13:58:44.008 > SetP:	50	CurP:	50	PID ER:	35.88	PID	841	P:	538.13	I:	300.00	D:	3.25	W°:	-127.00	Out°:	25.50	M: 	0.27	ΔM: 	-0.00	F:	164878	T°:	24.12	ST:,60.00	STCnt:,50	ChkP:,10000	
13:58:45.351 > SetP:	50	CurP:	50	PID ER:	35.88	PID	837	P:	538.13	I:	300.00	D:	-0.93	W°:	-127.00	Out°:	25.56	M: 	0.27	ΔM: 	0.00	F:	164873	T°:	24.12	ST:,60.00	STCnt:,50	ChkP:,10000	
13:58:46.027 > SetP:	50	CurP:	50	PID ER:	35.88	PID	838	P:	538.13	I:	300.00	D:	0.00	W°:	-127.00	Out°:	25.56	M: 	0.27	ΔM: 	0.00	F:	164879	T°:	24.19	ST:,60.00	STCnt:,50	ChkP:,10000	
13:58:47.371 > SetP:	50	CurP:	50	PID ER:	35.81	PID	835	P:	537.19	I:	300.00	D:	-1.40	W°:	-127.00	Out°:	25.56	M: 	0.27	ΔM: 	0.00	F:	164885	T°:	24.12	ST:,60.00	STCnt:,50	ChkP:,10000	
13:58:48.047 > SetP:	50	CurP:	50	PID ER:	35.81	PID	835	P:	537.19	I:	300.00	D:	-1.86	W°:	-127.00	Out°:	25.56	M: 	0.27	ΔM: 	0.00	F:	164887	T°:	24.19	ST:,60.00	STCnt:,50	ChkP:,10000	
13:58:49.390 > SetP:	50	CurP:	50	PID ER:	35.81	PID	837	P:	537.19	I:	300.00	D:	0.46	W°:	-127.00	Out°:	25.56	M: 	0.27	ΔM: 	0.00	F:	164910	T°:	24.19	ST:,60.00	STCnt:,50	ChkP:,10000	
13:58:50.066 > SetP:	50	CurP:	50	PID ER:	35.88	PID	839	P:	538.13	I:	300.00	D:	1.40	W°:	-127.00	Out°:	25.56	M: 	0.26	ΔM: 	0.00	F:	164886	T°:	24.19	ST:,60.00	STCnt:,50	ChkP:,10000	
13:58:51.409 > SetP:	50	CurP:	50	PID ER:	35.81	PID	835	P:	537.19	I:	300.00	D:	-1.86	W°:	-127.00	Out°:	25.56	M: 	0.26	ΔM: 	0.00	F:	164891	T°:	24.19	ST:,60.00	STCnt:,50	ChkP:,10000	
13:58:52.085 > SetP:	50	CurP:	50	PID ER:	35.75	PID	834	P:	536.25	I:	300.00	D:	-1.39	W°:	-127.00	Out°:	25.56	M: 	0.26	ΔM: 	-0.00	F:	164894	T°:	24.19	ST:,60.00	STCnt:,50	ChkP:,10000	
13:58:53.429 > SetP:	50	CurP:	50	PID ER:	35.81	PID	839	P:	537.19	I:	300.00	D:	1.86	W°:	-127.00	Out°:	25.56	M: 	0.26	ΔM: 	-0.00	F:	164889	T°:	24.25	ST:,60.00	STCnt:,50	ChkP:,10000	
13:58:54.108 > SetP:	50	CurP:	50	PID ER:	35.81	PID	839	P:	537.19	I:	300.00	D:	1.86	W°:	-127.00	Out°:	25.50	M: 	0.26	ΔM: 	-0.00	F:	164895	T°:	24.25	ST:,60.00	STCnt:,50	ChkP:,10000	
13:58:55.451 > SetP:	50	CurP:	50	PID ER:	35.75	PID	834	P:	536.25	I:	300.00	D:	-1.86	W°:	-127.00	Out°:	25.50	M: 	0.27	ΔM: 	-0.00	F:	164892	T°:	24.19	ST:,60.00	STCnt:,50	ChkP:,10000	
13:58:56.127 > SetP:	50	CurP:	50	PID ER:	35.75	PID	834	P:	536.25	I:	300.00	D:	-1.86	W°:	-127.00	Out°:	25.50	M: 	0.26	ΔM: 	-0.00	F:	164891	T°:	24.25	ST:,60.00	STCnt:,50	ChkP:,10000	
13:58:57.471 > SetP:	50	CurP:	50	PID ER:	35.75	PID	836	P:	536.25	I:	300.00	D:	0.46	W°:	-127.00	Out°:	25.50	M: 	0.27	ΔM: 	0.00	F:	164883	T°:	24.19	ST:,60.00	STCnt:,50	ChkP:,10000	
13:58:58.147 > SetP:	50	CurP:	50	PID ER:	35.81	PID	836	P:	537.19	I:	300.00	D:	-0.46	W°:	-127.00	Out°:	25.50	M: 	0.28	ΔM: 	0.00	F:	164899	T°:	24.12	ST:,60.00	STCnt:,50	ChkP:,10000	
13:58:59.490 > SetP:	50	CurP:	50	PID ER:	35.88	PID	839	P:	538.13	I:	300.00	D:	1.39	W°:	-127.00	Out°:	25.50	M: 	0.27	ΔM: 	0.00	F:	164892	T°:	24.12	ST:,60.00	STCnt:,50	ChkP:,10000	
13:59:00.166 > SetP:	50	CurP:	50	PID ER:	35.81	PID	835	P:	537.19	I:	300.00	D:	-1.39	W°:	-127.00	Out°:	25.56	M: 	0.28	ΔM: 	0.00	F:	164899	T°:	24.25	ST:,60.00	STCnt:,50	ChkP:,10000	
13:59:01.509 > SetP:	50	CurP:	50	PID ER:	35.75	PID	835	P:	536.25	I:	300.00	D:	-0.93	W°:	-127.00	Out°:	25.50	M: 	0.28	ΔM: 	0.00	F:	164887	T°:	24.25	ST:,60.00	STCnt:,50	ChkP:,10000	
13:59:02.185 > SetP:	50	CurP:	50	PID ER:	35.94	PID	843	P:	539.06	I:	300.00	D:	4.18	W°:	-127.00	Out°:	25.56	M: 	0.28	ΔM: 	0.00	F:	164895	T°:	24.25	ST:,60.00	STCnt:,50	ChkP:,10000	
13:59:03.528 > SetP:	50	CurP:	50	PID ER:	35.75	PID	830	P:	536.25	I:	300.00	D:	-5.58	W°:	-127.00	Out°:	25.50	M: 	0.28	ΔM: 	0.00	F:	164911	T°:	24.19	ST:,60.00	STCnt:,50	ChkP:,10000	
13:59:04.204 > SetP:	50	CurP:	50	PID ER:	35.81	PID	836	P:	537.19	I:	300.00	D:	-0.46	W°:	-127.00	Out°:	25.56	M: 	0.29	ΔM: 	0.00	F:	164894	T°:	24.19	ST:,60.00	STCnt:,50	ChkP:,10000	
13:59:05.548 > SetP:	50	CurP:	50	PID ER:	35.81	PID	837	P:	537.19	I:	300.00	D:	0.00	W°:	-127.00	Out°:	25.56	M: 	0.28	ΔM: 	0.00	F:	164880	T°:	24.25	ST:,60.00	STCnt:,50	ChkP:,10000	
13:59:06.223 > SetP:	50	CurP:	50	PID ER:	35.88	PID	841	P:	538.13	I:	300.00	D:	3.25	W°:	-127.00	Out°:	25.56	M: 	0.28	ΔM: 	0.00	F:	164891	T°:	24.06	ST:,60.00	STCnt:,50	ChkP:,10000	
13:59:07.567 > SetP:	50	CurP:	50	PID ER:	35.94	PID	839	P:	539.06	I:	300.00	D:	0.46	W°:	-127.00	Out°:	25.50	M: 	0.28	ΔM: 	0.00	F:	164886	T°:	24.31	ST:,60.00	STCnt:,50	ChkP:,10000	
13:59:08.243 > SetP:	50	CurP:	50	PID ER:	35.75	PID	839	P:	536.25	I:	300.00	D:	3.25	W°:	-127.00	Out°:	25.56	M: 	0.28	ΔM: 	0.00	F:	164883	T°:	24.19	ST:,60.00	STCnt:,50	ChkP:,10000	
13:59:09.586 > SetP:	50	CurP:	50	PID ER:	35.81	PID	838	P:	537.19	I:	300.00	D:	0.93	W°:	-127.00	Out°:	25.56	M: 	0.29	ΔM: 	0.00	F:	164908	T°:	24.19	ST:,60.00	STCnt:,50	ChkP:,10000	
13:59:10.262 > SetP:	50	CurP:	50	PID ER:	35.81	PID	837	P:	537.19	I:	300.00	D:	0.00	W°:	-127.00	Out°:	25.50	M: 	0.29	ΔM: 	0.00	F:	164904	T°:	24.12	ST:,60.00	STCnt:,50	ChkP:,10000	
13:59:11.605 > SetP:	50	CurP:	50	PID ER:	35.88	PID	839	P:	538.13	I:	300.00	D:	1.39	W°:	-127.00	Out°:	25.56	M: 	0.29	ΔM: 	0.00	F:	164888	T°:	24.12	ST:,60.00	STCnt:,50	ChkP:,10000	
13:59:12.281 > SetP:	50	CurP:	50	PID ER:	35.88	PID	837	P:	538.13	I:	300.00	D:	-0.46	W°:	-127.00	Out°:	25.50	M: 	0.29	ΔM: 	0.00	F:	164893	T°:	24.25	ST:,60.00	STCnt:,50	ChkP:,10000	
13:59:12.957 > SetP:	50	CurP:	50	PID ER:	35.75	PID	837	P:	536.25	I:	300.00	D:	0.93	W°:	-127.00	Out°:	25.50	M: 	0.30	ΔM: 	0.00	F:	164903	T°:	24.25	ST:,60.00	STCnt:,50	ChkP:,10000	
13:59:14.300 > SetP:	50	CurP:	50	PID ER:	35.75	PID	836	P:	536.25	I:	300.00	D:	0.00	W°:	-127.00	Out°:	25.50	M: 	0.29	ΔM: 	0.00	F:	164891	T°:	24.25	ST:,60.00	STCnt:,50	ChkP:,10000	
13:59:14.976 > SetP:	50	CurP:	50	PID ER:	35.88	PID	840	P:	538.13	I:	300.00	D:	2.79	W°:	-127.00	Out°:	25.50	M: 	0.29	ΔM: 	0.00	F:	164904	T°:	24.12	ST:,60.00	STCnt:,50	ChkP:,10000	
13:59:16.320 > SetP:	50	CurP:	50	PID ER:	35.88	PID	837	P:	538.13	I:	300.00	D:	-0.93	W°:	-127.00	Out°:	25.50	M: 	0.30	ΔM: 	0.00	F:	164885	T°:	24.25	ST:,60.00	STCnt:,50	ChkP:,10000	
13:59:16.999 > SetP:	50	CurP:	50	PID ER:	35.81	PID	839	P:	537.19	I:	300.00	D:	2.32	W°:	-127.00	Out°:	25.50	M: 	0.30	ΔM: 	0.00	F:	164910	T°:	24.12	ST:,60.00	STCnt:,50	ChkP:,10000	
13:59:18.339 > SetP:	50	CurP:	50	PID ER:	35.88	PID	839	P:	538.13	I:	300.00	D:	0.93	W°:	-127.00	Out°:	25.44	M: 	0.31	ΔM: 	0.00	F:	164889	T°:	24.19	ST:,60.00	STCnt:,50	ChkP:,10000	
13:59:19.019 > SetP:	50	CurP:	50	PID ER:	35.75	PID	835	P:	536.25	I:	300.00	D:	-0.93	W°:	-127.00	Out°:	25.50	M: 	0.31	ΔM: 	0.00	F:	164893	T°:	24.25	ST:,60.00	STCnt:,50	ChkP:,10000	
13:59:20.362 > SetP:	50	CurP:	50	PID ER:	35.75	PID	836	P:	536.25	I:	300.00	D:	0.47	W°:	-127.00	Out°:	25.50	M: 	0.31	ΔM: 	0.00	F:	164884	T°:	24.12	ST:,60.00	STCnt:,50	ChkP:,10000	
13:59:21.038 > SetP:	50	CurP:	50	PID ER:	35.75	PID	832	P:	536.25	I:	300.00	D:	-3.71	W°:	-127.00	Out°:	25.56	M: 	0.31	ΔM: 	0.00	F:	164905	T°:	24.12	ST:,60.00	STCnt:,50	ChkP:,10000	
13:59:22.381 > SetP:	50	CurP:	50	PID ER:	35.88	PID	841	P:	538.13	I:	300.00	D:	3.72	W°:	-127.00	Out°:	25.50	M: 	0.32	ΔM: 	0.00	F:	164887	T°:	24.19	ST:,60.00	STCnt:,50	ChkP:,10000	
13:59:23.057 > SetP:	50	CurP:	50	PID ER:	35.75	PID	835	P:	536.25	I:	300.00	D:	-0.93	W°:	-127.00	Out°:	25.50	M: 	0.32	ΔM: 	0.00	F:	164894	T°:	24.19	ST:,60.00	STCnt:,50	ChkP:,10000	
13:59:24.400 > SetP:	50	CurP:	50	PID ER:	35.81	PID	839	P:	537.19	I:	300.00	D:	1.86	W°:	-127.00	Out°:	25.50	M: 	0.32	ΔM: 	0.00	F:	164893	T°:	24.12	ST:,60.00	STCnt:,50	ChkP:,10000	
13:59:25.076 > SetP:	50	CurP:	50	PID ER:	35.81	PID	835	P:	537.19	I:	300.00	D:	-1.86	W°:	-127.00	Out°:	25.50	M: 	0.31	ΔM: 	0.00	F:	164900	T°:	24.31	ST:,60.00	STCnt:,50	ChkP:,10000	
13:59:26.420 > SetP:	50	CurP:	50	PID ER:	35.69	PID	832	P:	535.31	I:	300.00	D:	-2.33	W°:	-127.00	Out°:	25.50	M: 	0.32	ΔM: 	0.00	F:	164886	T°:	24.31	ST:,60.00	STCnt:,50	ChkP:,10000	
13:59:27.095 > 